╔═══════════════════════════════════════════════════════════════════════════════╗
║                        RISK ENGINE SCORING PLAYGROUND                         ║
╚═══════════════════════════════════════════════════════════════════════════════╝

  Modify src/config.rs to tweak the weights and re-run this test.

▶ SCENARIO: Clean Login
  Action: Login  |  User: test_user
  Decision: Allow (Score: 5) → Allow (0-39)
  Breakdown: [D:5 | S:0 | N:0 | B:0 | C:0]
  Equation: (Sum(D+S+N+B+C):5 + OrgBias:0) * ActMult:1.2 = Final:5
  Contributing Factors:
    - [D] headless_ua               | + 5 | Request user-agent matches a headless/automation client
--------------------------------------------------------------------------------

▶ SCENARIO: Brute Force Attack
  Action: Login  |  User: test_user
  Decision: Hold (Score: 85) → Hold (65-89)
  Breakdown: [D:5 | S:0 | N:15 | B:50 | C:30]
  Equation: (Sum(D+S+N+B+C):100 + OrgBias:0) * ActMult:1.2 = Final:85
  Directives:
    - REQUIRED ACTION: AdminApproval
    - HOLD REASON: Score threshold exceeded. Top signals: headless_ua, datacenter_ip, login_velocity_critical. Action: login.
  Contributing Factors:
    - [B] login_velocity_critical   | +35 | 15 login attempts in last 5 minutes (>10 threshold)
    - [C] automated_scraper_pattern | +30 | Bot activity detected from cloud/hosting infrastructure
    - [N] datacenter_ip             | +15 | Source IP belongs to a cloud/datacenter ASN (VPS/proxy indicator)
    - [B] failed_attempts_high      | +15 | 10 failed logins in last 1 hour (>5 threshold)
    - [D] headless_ua               | + 5 | Request user-agent matches a headless/automation client
--------------------------------------------------------------------------------

▶ SCENARIO: New Credential / Privileged Action
  Action: ActionExecute { action_name: "add_admin" }  |  User: test_user
  Decision: Hold (Score: 75) → Hold (65-89)
  Breakdown: [D:50 | S:50 | N:50 | B:50 | C:100]
  Equation: (Sum(D+S+N+B+C):255 + OrgBias:50) * ActMult:3.0 = Final:75
  ⚠ HARD GATES TRIGGERED: [PrivilegedActionOnFreshCredential]
  Directives:
    - REQUIRED ACTION: AdminApproval
    - HOLD REASON: Privileged action attempted on extremely fresh credential (trust spike protection)
  Contributing Factors: None
--------------------------------------------------------------------------------

▶ SCENARIO: Tor + Sensitive Action
  Action: DeviceRevoke  |  User: test_user
  Decision: Deny (Score: 100) → Deny (90-100)
  Breakdown: [D:50 | S:50 | N:50 | B:50 | C:100]
  Equation: (Sum(D+S+N+B+C):255 + OrgBias:50) * ActMult:3.0 = Final:100
  ⚠ HARD GATES TRIGGERED: [TorOnSensitiveAction]
  Directives:
    - LOCK ACCOUNT: Engine triggered permanent credential lock
  Contributing Factors: None
--------------------------------------------------------------------------------

▶ SCENARIO: VPN + Extreme Geo Jump
  Action: Login  |  User: test_user
  Decision: Challenge (Score: 59) → Challenge (40-64)
  Breakdown: [D:5 | S:0 | N:34 | B:0 | C:15]
  Equation: (Sum(D+S+N+B+C):54 + OrgBias:0) * ActMult:1.2 = Final:59
  Directives:
    - REQUIRED ACTION: StepUpWebAuthn
  Contributing Factors:
    - [N] large_geo_jump            | +20 | Login location changed by 15988km since last session
    - [C] travel_anomaly_pattern    | +15 | Anonymized location shift: VPN detected during geographic jump
    - [N] country_change            | +10 | Country changed from US to AU since last login
    - [D] headless_ua               | + 5 | Request user-agent matches a headless/automation client
    - [N] vpn_ip                    | + 4 | Source IP belongs to a known VPN provider
--------------------------------------------------------------------------------

▶ SCENARIO: JWT Fingerprint Mismatch
  Action: DeviceRevoke  |  User: test_user
  Decision: Deny (Score: 100) → Deny (90-100)
  Breakdown: [D:50 | S:50 | N:50 | B:50 | C:100]
  Equation: (Sum(D+S+N+B+C):255 + OrgBias:50) * ActMult:3.0 = Final:100
  ⚠ HARD GATES TRIGGERED: [SensitiveActionOnMismatch]
  Directives:
    - LOCK ACCOUNT: Engine triggered permanent credential lock
  Contributing Factors: None
--------------------------------------------------------------------------------

▶ SCENARIO: Org Under Attack (Multiplier Blowup)
  Action: Login  |  User: test_user
  Decision: Challenge (Score: 55) → Challenge (40-64)
  Breakdown: [D:5 | S:0 | N:0 | B:20 | C:0]
  Equation: (Sum(D+S+N+B+C):25 + OrgBias:0) * ActMult:1.2 = Final:55
  Directives:
    - REQUIRED ACTION: StepUpWebAuthn
  Contributing Factors:
    - [B] login_velocity_elevated   | +20 | 6 login attempts in last 5 minutes (>5 threshold)
    - [D] headless_ua               | + 5 | Request user-agent matches a headless/automation client
--------------------------------------------------------------------------------

▶ SCENARIO: Sybil Registration Risk
  Action: Register  |  User: test_user
  Decision: Allow (Score: 14) → Allow (0-39)
  Breakdown: [D:5 | S:0 | N:0 | B:8 | C:0]
  Equation: (Sum(D+S+N+B+C):13 + OrgBias:0) * ActMult:1.3 = Final:14
  Contributing Factors:
    - [B] zero_audit_history        | + 8 | No prior audit events on record for this user
    - [D] headless_ua               | + 5 | Request user-agent matches a headless/automation client
--------------------------------------------------------------------------------

▶ SCENARIO: Bot Discovery (Headless + Webdriver)
  Action: Login  |  User: test_user
  Decision: Challenge (Score: 55) → Challenge (40-64)
  Breakdown: [D:50 | S:0 | N:0 | B:0 | C:0]
  Equation: (Sum(D+S+N+B+C):50 + OrgBias:0) * ActMult:1.2 = Final:55
  Directives:
    - REQUIRED ACTION: StepUpWebAuthn
  Contributing Factors:
    - [D] webdriver_detected        | +45 | Client reports navigator.webdriver=true (browser automation detected)
    - [D] headless_ua               | + 5 | Request user-agent matches a headless/automation client
--------------------------------------------------------------------------------

▶ SCENARIO: Automated Proxy (Bot + Hosting IP)
  Action: Login  |  User: test_user
  Decision: Hold (Score: 85) → Hold (65-89)
  Breakdown: [D:50 | S:0 | N:20 | B:0 | C:30]
  Equation: (Sum(D+S+N+B+C):100 + OrgBias:0) * ActMult:1.2 = Final:85
  Directives:
    - REQUIRED ACTION: AdminApproval
    - HOLD REASON: Score threshold exceeded. Top signals: headless_ua, webdriver_detected, hosting_ip. Action: login.
  Contributing Factors:
    - [D] webdriver_detected        | +45 | Client reports navigator.webdriver=true (browser automation detected)
    - [C] automated_scraper_pattern | +30 | Bot activity detected from cloud/hosting infrastructure
    - [N] hosting_ip                | +20 | Source IP belongs to a web hosting provider
    - [D] headless_ua               | + 5 | Request user-agent matches a headless/automation client
--------------------------------------------------------------------------------

